<?xml version="1.0" encoding="UTF-8"?>
<testng-results ignored="0" total="2" passed="2" failed="0" skipped="0">
  <reporter-output>
  </reporter-output>
  <suite started-at="2023-09-07T15:36:18 CDT" name="Default suite" finished-at="2023-09-07T15:36:38 CDT" duration-ms="19341">
    <groups>
    </groups>
    <test started-at="2023-09-07T15:36:18 CDT" name="Default test" finished-at="2023-09-07T15:36:38 CDT" duration-ms="19341">
      <class name="nb_cl12s10_Test_pkg.Parallel_Test">
        <test-method signature="ChromeTest()[pri:0, instance:nb_cl12s10_Test_pkg.Parallel_Test@2ea41516]" started-at="2023-09-07T15:36:18 CDT" name="ChromeTest" finished-at="2023-09-07T15:36:25 CDT" duration-ms="6610" status="PASS">
          <reporter-output>
          </reporter-output>
        </test-method> <!-- ChromeTest -->
        <test-method signature="FirefoxTest()[pri:0, instance:nb_cl12s10_Test_pkg.Parallel_Test@2ea41516]" started-at="2023-09-07T15:36:25 CDT" name="FirefoxTest" finished-at="2023-09-07T15:36:38 CDT" duration-ms="12642" status="PASS">
          <reporter-output>
          </reporter-output>
        </test-method> <!-- FirefoxTest -->
      </class> <!-- nb_cl12s10_Test_pkg.Parallel_Test -->
    </test> <!-- Default test -->
  </suite> <!-- Default suite -->
</testng-results>
